Sender: LSF System <lsfadmin@c030>
Subject: Job 3470[1]: <align[1-3]> in cluster <ngs> Done

Job <align[1-3]> was submitted from host <ngs-mn01> by user <zhaoxing> in cluster <ngs> at Sun Jan  7 20:45:45 2024
Job was executed on host(s) <c030>, in queue <normal>, as user <zhaoxing> in cluster <ngs> at Sun Jan  7 20:45:46 2024
</share/home/grp-sunhao/zhaoxing> was used as the home directory.
</share/home/grp-sunhao/zhaoxing/submit1b1> was used as the working directory.
Started at Sun Jan  7 20:45:46 2024
Terminated at Sun Jan  7 20:47:02 2024
Results reported at Sun Jan  7 20:47:02 2024

Your job looked like:

------------------------------------------------------------
# LSBATCH: User input
#!/bin/bash
#BSUB -J align[1-3]  # Name of the job array with 3 tasks
#BSUB -oo align.%I.out   # Output log file for each task
#BSUB -ee align.%I.err   # Error log file for each task
#BSUB -n 4                   # Number of CPU cores per task
#BSUB -R "span[ptile=1]"     # Number of CPU cores per host
#BSUB -M 12000                # Memory limit in MB
#BSUB -W 1:00                # Walltime in hours:minutes
#BSUB -q normal		# use normal queue



# Define the directory containing your files, don't put "/" at the end
input_dir="/data/home/grp-sunhao/zx/example/np.human.fastq"

# Get the list of .gz files in the directory
files=("${input_dir}"/*.gz)

# Index for this task in the job array
index=$((LSB_JOBINDEX))

# Check if the task index is valid
if [ "$index" -ge "${#files[@]}" ]; then
  echo "Task index out of range, exiting..."
  exit 1
fi

# Get the file for this task
in_file="${files[$index]}"


# Echo log info
echo "Example job array code"
echo "Maintainer: xing zhao <xingz@link.cuhk.edu.hk>"
echo "$(date): running on $(cat /etc/hostname)"
echo "$(date): Starting aligning of $in_file"


#==================
# Main code
#=================

# Run the container
/data/home/grp-sunhao/pub/app/singularity exec \
 --bind /data/home/grp-sunhao/:/data/home/grp-sunhao/ \
 /share/home/grp-sunhao/zhaoxing/submit1b1/aligner-minimap2 \
 minimap2 -x map-ont -t 4 \
 /data/home/grp-sunhao/zx/refgenome/human/t2t/chm13v2.0.fa \
 $in_file > $index.paf


(... more ...)
------------------------------------------------------------

Successfully completed.

Resource usage summary:

    CPU time :                                   156.62 sec.
    Max Memory :                                 9464 MB
    Average Memory :                             4934.39 MB
    Total Requested Memory :                     -
    Delta Memory :                               -
    Max Swap :                                   -
    Max Processes :                              5
    Max Threads :                                18
    Run time :                                   75 sec.
    Turnaround time :                            77 sec.

The output (if any) follows:

Example job array code
Maintainer: xing zhao <xingz@link.cuhk.edu.hk>
Sun Jan  7 20:45:46 CST 2024: running on c030
Sun Jan  7 20:45:46 CST 2024: Starting aligning of /data/home/grp-sunhao/zx/example/np.human.fastq/fastq_runid_20ec8410d6fcf17c3b8983b028da400dc564086c_10_0.fastq.gz
Sun Jan  7 20:47:01 CST 2024: Completed alignment of /data/home/grp-sunhao/zx/example/np.human.fastq/fastq_runid_20ec8410d6fcf17c3b8983b028da400dc564086c_10_0.fastq.gz


PS:

Read file <e> for stderr output of this job.

